<?xml version="1.0" encoding="UTF-8"?>
<robot generator="Robot 3.2.2 (Python 3.9.2 on win32)" generated="20210303 10:54:10.707" rpa="false">
<suite id="s1" name="RobotProject1" source="C:\Users\Timi Tiihonen\git\RobotProject\RobotProject1">
<suite id="s1-s1" name="Test" source="C:\Users\Timi Tiihonen\git\RobotProject\RobotProject1\test">
<suite id="s1-s1-s1" name="TestSuite1" source="C:\Users\Timi Tiihonen\git\RobotProject\RobotProject1\test\TestSuite1.robot">
<kw name="Log" library="BuiltIn" type="setup">
<doc>Logs the given message with the given level.</doc>
<arguments>
<arg>I am inside Test Suite Setup</arg>
</arguments>
<msg timestamp="20210303 10:54:11.048" level="INFO">I am inside Test Suite Setup</msg>
<status status="PASS" starttime="20210303 10:54:11.048" endtime="20210303 10:54:11.048"></status>
</kw>
<test id="s1-s1-s1-t1" name="CpuTest">
<kw name="Log" library="BuiltIn" type="setup">
<doc>Logs the given message with the given level.</doc>
<arguments>
<arg>Im inside Test Setup</arg>
</arguments>
<msg timestamp="20210303 10:54:11.051" level="INFO">Im inside Test Setup</msg>
<status status="PASS" starttime="20210303 10:54:11.050" endtime="20210303 10:54:11.051"></status>
</kw>
<kw name="Open Browser" library="SeleniumLibrary">
<doc>Opens a new browser instance to the optional ``url``.</doc>
<arguments>
<arg>${URL2}</arg>
<arg>chrome</arg>
</arguments>
<msg timestamp="20210303 10:54:11.052" level="INFO">Opening browser 'chrome' to base url 'https://www.cpubenchmark.net/cpu_list.php'.</msg>
<status status="PASS" starttime="20210303 10:54:11.052" endtime="20210303 10:54:24.958"></status>
</kw>
<kw name="Set Browser Implicit Wait" library="SeleniumLibrary">
<doc>Sets the implicit wait value used by Selenium.</doc>
<arguments>
<arg>5</arg>
</arguments>
<status status="PASS" starttime="20210303 10:54:24.958" endtime="20210303 10:54:24.962"></status>
</kw>
<kw name="Click Element" library="SeleniumLibrary">
<doc>Click the element identified by ``locator``.</doc>
<arguments>
<arg>partial link:CPU Mark</arg>
</arguments>
<msg timestamp="20210303 10:54:24.964" level="INFO">Clicking element 'partial link:CPU Mark'.</msg>
<status status="PASS" starttime="20210303 10:54:24.962" endtime="20210303 10:54:30.222"></status>
</kw>
<kw name="Click Element" library="SeleniumLibrary">
<doc>Click the element identified by ``locator``.</doc>
<arguments>
<arg>partial link:CPU Mark</arg>
</arguments>
<msg timestamp="20210303 10:54:30.224" level="INFO">Clicking element 'partial link:CPU Mark'.</msg>
<kw name="Capture Page Screenshot" library="SeleniumLibrary">
<doc>Takes a screenshot of the current page and embeds it into a log file.</doc>
<msg timestamp="20210303 10:54:30.234" level="FAIL">NoSuchWindowException: Message: no such window: target window already closed
from unknown error: web view not found
  (Session info: chrome=88.0.4324.190)
</msg>
<status status="FAIL" starttime="20210303 10:54:30.226" endtime="20210303 10:54:30.235"></status>
</kw>
<msg timestamp="20210303 10:54:30.235" level="WARN">Keyword 'Capture Page Screenshot' could not be run on failure: NoSuchWindowException: Message: no such window: target window already closed
from unknown error: web view not found
  (Session info: chrome=88.0.4324.190)
</msg>
<msg timestamp="20210303 10:54:30.246" level="FAIL">NoSuchWindowException: Message: no such window: target window already closed
from unknown error: web view not found
  (Session info: chrome=88.0.4324.190)
</msg>
<status status="FAIL" starttime="20210303 10:54:30.223" endtime="20210303 10:54:30.247"></status>
</kw>
<kw name="Log" library="BuiltIn" type="teardown">
<doc>Logs the given message with the given level.</doc>
<arguments>
<arg>Im inside Test Teardown</arg>
</arguments>
<msg timestamp="20210303 10:54:30.248" level="INFO">Im inside Test Teardown</msg>
<status status="PASS" starttime="20210303 10:54:30.247" endtime="20210303 10:54:30.248"></status>
</kw>
<tags>
<tag>test</tag>
</tags>
<status status="FAIL" starttime="20210303 10:54:11.049" endtime="20210303 10:54:30.248" critical="yes">NoSuchWindowException: Message: no such window: target window already closed
from unknown error: web view not found
  (Session info: chrome=88.0.4324.190)
</status>
</test>
<kw name="Log" library="BuiltIn" type="teardown">
<doc>Logs the given message with the given level.</doc>
<arguments>
<arg>I am inside Test Suite Teardown</arg>
</arguments>
<msg timestamp="20210303 10:54:30.250" level="INFO">I am inside Test Suite Teardown</msg>
<status status="PASS" starttime="20210303 10:54:30.249" endtime="20210303 10:54:30.250"></status>
</kw>
<status status="FAIL" starttime="20210303 10:54:10.786" endtime="20210303 10:54:30.250"></status>
</suite>
<status status="FAIL" starttime="20210303 10:54:10.782" endtime="20210303 10:54:30.254"></status>
</suite>
<status status="FAIL" starttime="20210303 10:54:10.756" endtime="20210303 10:54:30.258"></status>
</suite>
<statistics>
<total>
<stat pass="0" fail="1">Critical Tests</stat>
<stat pass="0" fail="1">All Tests</stat>
</total>
<tag>
<stat pass="0" fail="1">test</stat>
</tag>
<suite>
<stat pass="0" fail="1" id="s1" name="RobotProject1">RobotProject1</stat>
<stat pass="0" fail="1" id="s1-s1" name="Test">RobotProject1.Test</stat>
<stat pass="0" fail="1" id="s1-s1-s1" name="TestSuite1">RobotProject1.Test.TestSuite1</stat>
</suite>
</statistics>
<errors>
<msg timestamp="20210303 10:54:30.235" level="WARN">Keyword 'Capture Page Screenshot' could not be run on failure: NoSuchWindowException: Message: no such window: target window already closed
from unknown error: web view not found
  (Session info: chrome=88.0.4324.190)
</msg>
</errors>
</robot>
